<?xml version="1.0" encoding="UTF-8"?>
<testng-results skipped="0" failed="0" ignored="0" total="1" passed="1">
  <reporter-output>
  </reporter-output>
  <suite name="Default suite" duration-ms="3492" started-at="2019-05-17T13:35:42Z" finished-at="2019-05-17T13:35:46Z">
    <groups>
    </groups>
    <test name="Default test" duration-ms="3492" started-at="2019-05-17T13:35:42Z" finished-at="2019-05-17T13:35:46Z">
      <class name="Login.Webelement_List">
        <test-method status="PASS" signature="SelectClass_DD()[pri:0, instance:Login.Webelement_List@7d61eb55]" name="SelectClass_DD" duration-ms="3452" started-at="2019-05-17T13:35:42Z" finished-at="2019-05-17T13:35:46Z">
          <reporter-output>
          </reporter-output>
        </test-method> <!-- SelectClass_DD -->
      </class> <!-- Login.Webelement_List -->
    </test> <!-- Default test -->
  </suite> <!-- Default suite -->
</testng-results>
